<?xml version="1.0" encoding="UTF-8"?>
<!-- Generated by org.testng.reporters.JUnitReportReporter -->
<testsuite hostname="LAPTOP-0VDS8URQ" failures="0" tests="1" name="tests.Rediff_LoginTest" time="0.000" errors="0" timestamp="12 Oct 2023 03:59:28 GMT">
  <testcase classname="tests.Rediff_LoginTest" name="rediffmethod1" time="0.000"/>
</testsuite> <!-- tests.Rediff_LoginTest -->
