<?xml version="1.0" encoding="UTF-8"?>
<!-- Generated by org.testng.reporters.JUnitReportReporter -->
<testsuite hostname="LAPTOP-0VDS8URQ" failures="0" tests="1" name="tests.Rediff_ShoppingTest" time="0.004" errors="0" timestamp="11 Oct 2023 05:33:49 GMT">
  <testcase classname="tests.Rediff_ShoppingTest" name="rediffmethod1" time="0.004"/>
</testsuite> <!-- tests.Rediff_ShoppingTest -->
