<?xml version="1.0" encoding="UTF-8"?>
<!-- Generated by org.testng.reporters.JUnitReportReporter -->
<testsuite hostname="LAPTOP-0VDS8URQ" name="tests.Rediff_createNewAccountTest" tests="1" failures="0" timestamp="9 Oct 2023 07:02:55 GMT" time="0.000" errors="0">
  <testcase name="rediffmethod1" time="0.000" classname="tests.Rediff_createNewAccountTest"/>
</testsuite> <!-- tests.Rediff_createNewAccountTest -->
